<?xml version="1.0" encoding="UTF-8"?>
<testsuite name="com.as400parser.rpg3.ExpressionBuilderTest$Indicators" tests="4" skipped="0" failures="0" errors="0" timestamp="2026-03-14T08:04:31" hostname="NXN-PC" time="0.004">
  <properties/>
  <testcase name="numericIndicator()" classname="com.as400parser.rpg3.ExpressionBuilderTest$Indicators" time="0.001"/>
  <testcase name="haltIndicator()" classname="com.as400parser.rpg3.ExpressionBuilderTest$Indicators" time="0.001"/>
  <testcase name="overflowIndicator()" classname="com.as400parser.rpg3.ExpressionBuilderTest$Indicators" time="0.001"/>
  <testcase name="lastRecordIndicator()" classname="com.as400parser.rpg3.ExpressionBuilderTest$Indicators" time="0.001"/>
  <system-out><![CDATA[]]></system-out>
  <system-err><![CDATA[]]></system-err>
</testsuite>
