<?xml version="1.0" encoding="UTF-8"?>
<testsuite name="com.as400parser.common.normalizer.SourceNormalizerTest$TrimAndPad" tests="5" skipped="0" failures="0" errors="0" timestamp="2026-03-13T15:02:13" hostname="NXN-PC" time="0.007">
  <properties/>
  <testcase name="truncateLongLineWithWarning()" classname="com.as400parser.common.normalizer.SourceNormalizerTest$TrimAndPad" time="0.003"/>
  <testcase name="allLinesExactly80()" classname="com.as400parser.common.normalizer.SourceNormalizerTest$TrimAndPad" time="0.001"/>
  <testcase name="trimTrailingWhitespace()" classname="com.as400parser.common.normalizer.SourceNormalizerTest$TrimAndPad" time="0.001"/>
  <testcase name="exactly80CharsUnchanged()" classname="com.as400parser.common.normalizer.SourceNormalizerTest$TrimAndPad" time="0.001"/>
  <testcase name="padShortLineTo80()" classname="com.as400parser.common.normalizer.SourceNormalizerTest$TrimAndPad" time="0.0"/>
  <system-out><![CDATA[]]></system-out>
  <system-err><![CDATA[]]></system-err>
</testsuite>
