<?xml version="1.0" encoding="UTF-8"?>
<testsuite name="com.as400parser.common.normalizer.SourceNormalizerTest$ControlCharStripping" tests="4" skipped="0" failures="0" errors="0" timestamp="2026-03-14T12:07:02" hostname="NXN-PC" time="0.005">
  <properties/>
  <testcase name="noControlCharsNoWarning()" classname="com.as400parser.common.normalizer.SourceNormalizerTest$ControlCharStripping" time="0.001"/>
  <testcase name="controlCharStrippingGeneratesWarning()" classname="com.as400parser.common.normalizer.SourceNormalizerTest$ControlCharStripping" time="0.0"/>
  <testcase name="stripControlCharsPreserveSOSI()" classname="com.as400parser.common.normalizer.SourceNormalizerTest$ControlCharStripping" time="0.001"/>
  <testcase name="stripNullAndBellChars()" classname="com.as400parser.common.normalizer.SourceNormalizerTest$ControlCharStripping" time="0.0"/>
  <system-out><![CDATA[]]></system-out>
  <system-err><![CDATA[]]></system-err>
</testsuite>
