<?xml version="1.0" encoding="UTF-8"?>
<testsuite name="com.as400parser.rpg3.Rpg3IrBuilderTest" tests="14" skipped="0" failures="0" errors="0" timestamp="2026-03-14T08:04:31" hostname="NXN-PC" time="0.288">
  <properties/>
  <testcase name="fileSpecParsedWithDependency()" classname="com.as400parser.rpg3.Rpg3IrBuilderTest" time="0.255"/>
  <testcase name="lineCounterSpecParsed()" classname="com.as400parser.rpg3.Rpg3IrBuilderTest" time="0.002"/>
  <testcase name="lineCounterSpecFieldsExtracted()" classname="com.as400parser.rpg3.Rpg3IrBuilderTest" time="0.001"/>
  <testcase name="commentLinesAreParsed()" classname="com.as400parser.rpg3.Rpg3IrBuilderTest" time="0.002"/>
  <testcase name="sourceLinesBuilt()" classname="com.as400parser.rpg3.Rpg3IrBuilderTest" time="0.003"/>
  <testcase name="extensionSpecParsed()" classname="com.as400parser.rpg3.Rpg3IrBuilderTest" time="0.006"/>
  <testcase name="commentsInterspersedWithSpecs()" classname="com.as400parser.rpg3.Rpg3IrBuilderTest" time="0.003"/>
  <testcase name="multipleCommentsParsed()" classname="com.as400parser.rpg3.Rpg3IrBuilderTest" time="0.001"/>
  <testcase name="multipleFileSpecs()" classname="com.as400parser.rpg3.Rpg3IrBuilderTest" time="0.003"/>
  <testcase name="headerSpecParsed()" classname="com.as400parser.rpg3.Rpg3IrBuilderTest" time="0.001"/>
  <testcase name="extensionSpecFieldsExtracted()" classname="com.as400parser.rpg3.Rpg3IrBuilderTest" time="0.002"/>
  <testcase name="fourSpecTypesTogether()" classname="com.as400parser.rpg3.Rpg3IrBuilderTest" time="0.003"/>
  <testcase name="emptySourceProducesEmptyIr()" classname="com.as400parser.rpg3.Rpg3IrBuilderTest" time="0.001"/>
  <testcase name="multipleSpecTypesParsedCorrectly()" classname="com.as400parser.rpg3.Rpg3IrBuilderTest" time="0.001"/>
  <system-out><![CDATA[]]></system-out>
  <system-err><![CDATA[]]></system-err>
</testsuite>
