<?xml version="1.0" encoding="UTF-8"?>
<testsuite name="com.as400parser.rpg3.ExpressionBuilderTest" tests="19" skipped="0" failures="0" errors="0" timestamp="2026-03-14T12:07:02" hostname="NXN-PC" time="0.016">
  <properties/>
  <testcase name="arrayElementWithNumericIndex()" classname="com.as400parser.rpg3.ExpressionBuilderTest" time="0.003"/>
  <testcase name="blankReturnsNull()" classname="com.as400parser.rpg3.ExpressionBuilderTest" time="0.0"/>
  <testcase name="negativeNumericIsLiteral()" classname="com.as400parser.rpg3.ExpressionBuilderTest" time="0.001"/>
  <testcase name="preservesRawText()" classname="com.as400parser.rpg3.ExpressionBuilderTest" time="0.0"/>
  <testcase name="starInIsSpecialNotIdentifier()" classname="com.as400parser.rpg3.ExpressionBuilderTest" time="0.0"/>
  <testcase name="starOnIsFigurativeNotIndicator()" classname="com.as400parser.rpg3.ExpressionBuilderTest" time="0.001"/>
  <testcase name="quotedString()" classname="com.as400parser.rpg3.ExpressionBuilderTest" time="0.0"/>
  <testcase name="simpleIdentifier()" classname="com.as400parser.rpg3.ExpressionBuilderTest" time="0.0"/>
  <testcase name="starInAsSpecialValue()" classname="com.as400parser.rpg3.ExpressionBuilderTest" time="0.0"/>
  <testcase name="decimalLiteral()" classname="com.as400parser.rpg3.ExpressionBuilderTest" time="0.0"/>
  <testcase name="integerLiteral()" classname="com.as400parser.rpg3.ExpressionBuilderTest" time="0.001"/>
  <testcase name="notWithIdentifier()" classname="com.as400parser.rpg3.ExpressionBuilderTest" time="0.001"/>
  <testcase name="page()" classname="com.as400parser.rpg3.ExpressionBuilderTest" time="0.0"/>
  <testcase name="page3()" classname="com.as400parser.rpg3.ExpressionBuilderTest" time="0.0"/>
  <testcase name="udate()" classname="com.as400parser.rpg3.ExpressionBuilderTest" time="0.0"/>
  <testcase name="arrayElementWithFieldIndex()" classname="com.as400parser.rpg3.ExpressionBuilderTest" time="0.0"/>
  <testcase name="starIn01IsIndicatorNotSpecial()" classname="com.as400parser.rpg3.ExpressionBuilderTest" time="0.0"/>
  <testcase name="notWithIndicator()" classname="com.as400parser.rpg3.ExpressionBuilderTest" time="0.001"/>
  <testcase name="notCaseInsensitive()" classname="com.as400parser.rpg3.ExpressionBuilderTest" time="0.0"/>
  <system-out><![CDATA[]]></system-out>
  <system-err><![CDATA[]]></system-err>
</testsuite>
