<?xml version="1.0" encoding="UTF-8"?>
<testsuite name="com.as400parser.common.normalizer.SourceNormalizerTest$TabExpansion" tests="4" skipped="0" failures="0" errors="0" timestamp="2026-03-14T12:07:02" hostname="NXN-PC" time="0.004">
  <properties/>
  <testcase name="expandTabsMultiple()" classname="com.as400parser.common.normalizer.SourceNormalizerTest$TabExpansion" time="0.001"/>
  <testcase name="seuStyleTabStops()" classname="com.as400parser.common.normalizer.SourceNormalizerTest$TabExpansion" time="0.001"/>
  <testcase name="noTabsPassthrough()" classname="com.as400parser.common.normalizer.SourceNormalizerTest$TabExpansion" time="0.001"/>
  <testcase name="expandTabsDefault8Column()" classname="com.as400parser.common.normalizer.SourceNormalizerTest$TabExpansion" time="0.001"/>
  <system-out><![CDATA[]]></system-out>
  <system-err><![CDATA[]]></system-err>
</testsuite>
