<?xml version="1.0" encoding="UTF-8"?>
<testsuite name="com.as400parser.rpg3.ExpressionBuilderTest$FigurativeConstants" tests="8" skipped="0" failures="0" errors="0" timestamp="2026-03-14T12:07:02" hostname="NXN-PC" time="0.007">
  <properties/>
  <testcase name="blanks()" classname="com.as400parser.rpg3.ExpressionBuilderTest$FigurativeConstants" time="0.001"/>
  <testcase name="on()" classname="com.as400parser.rpg3.ExpressionBuilderTest$FigurativeConstants" time="0.001"/>
  <testcase name="all()" classname="com.as400parser.rpg3.ExpressionBuilderTest$FigurativeConstants" time="0.001"/>
  <testcase name="off()" classname="com.as400parser.rpg3.ExpressionBuilderTest$FigurativeConstants" time="0.0"/>
  <testcase name="hival()" classname="com.as400parser.rpg3.ExpressionBuilderTest$FigurativeConstants" time="0.0"/>
  <testcase name="loval()" classname="com.as400parser.rpg3.ExpressionBuilderTest$FigurativeConstants" time="0.001"/>
  <testcase name="zeros()" classname="com.as400parser.rpg3.ExpressionBuilderTest$FigurativeConstants" time="0.001"/>
  <testcase name="caseInsensitive()" classname="com.as400parser.rpg3.ExpressionBuilderTest$FigurativeConstants" time="0.0"/>
  <system-out><![CDATA[]]></system-out>
  <system-err><![CDATA[]]></system-err>
</testsuite>
