<?xml version="1.0" encoding="UTF-8"?>
<testsuite name="com.as400parser.common.normalizer.SourceNormalizerTest$DbcsAwareness" tests="3" skipped="0" failures="0" errors="0" timestamp="2026-03-14T08:04:31" hostname="NXN-PC" time="0.009">
  <properties/>
  <testcase name="dbcsDisplayWidthCalculation()" classname="com.as400parser.common.normalizer.SourceNormalizerTest$DbcsAwareness" time="0.007"/>
  <testcase name="dbcsLinePaddedCorrectly()" classname="com.as400parser.common.normalizer.SourceNormalizerTest$DbcsAwareness" time="0.001"/>
  <testcase name="mixedSbcsDbcsWidth()" classname="com.as400parser.common.normalizer.SourceNormalizerTest$DbcsAwareness" time="0.001"/>
  <system-out><![CDATA[]]></system-out>
  <system-err><![CDATA[]]></system-err>
</testsuite>
