<?xml version="1.0" encoding="UTF-8"?>
<testsuite name="com.as400parser.common.normalizer.SourceNormalizerTest$LineNumberTracking" tests="3" skipped="0" failures="0" errors="0" timestamp="2026-03-14T08:04:31" hostname="NXN-PC" time="0.003">
  <properties/>
  <testcase name="lineCountMatchesArrayLengths()" classname="com.as400parser.common.normalizer.SourceNormalizerTest$LineNumberTracking" time="0.001"/>
  <testcase name="lineNumbersAre1Based()" classname="com.as400parser.common.normalizer.SourceNormalizerTest$LineNumberTracking" time="0.001"/>
  <testcase name="singleLineIsLine1()" classname="com.as400parser.common.normalizer.SourceNormalizerTest$LineNumberTracking" time="0.001"/>
  <system-out><![CDATA[]]></system-out>
  <system-err><![CDATA[]]></system-err>
</testsuite>
