<?xml version="1.0" encoding="UTF-8"?>
<testsuite name="com.as400parser.common.normalizer.SourceNormalizerTest$SplitLines" tests="6" skipped="0" failures="0" errors="0" timestamp="2026-03-13T15:02:13" hostname="NXN-PC" time="0.006">
  <properties/>
  <testcase name="splitLinesHandlesCR()" classname="com.as400parser.common.normalizer.SourceNormalizerTest$SplitLines" time="0.001"/>
  <testcase name="splitLinesHandlesLF()" classname="com.as400parser.common.normalizer.SourceNormalizerTest$SplitLines" time="0.001"/>
  <testcase name="singleLineNoNewline()" classname="com.as400parser.common.normalizer.SourceNormalizerTest$SplitLines" time="0.001"/>
  <testcase name="emptySourceReturnsEmpty()" classname="com.as400parser.common.normalizer.SourceNormalizerTest$SplitLines" time="0.001"/>
  <testcase name="splitLinesHandlesMixedEndings()" classname="com.as400parser.common.normalizer.SourceNormalizerTest$SplitLines" time="0.001"/>
  <testcase name="splitLinesHandlesCRLF()" classname="com.as400parser.common.normalizer.SourceNormalizerTest$SplitLines" time="0.0"/>
  <system-out><![CDATA[]]></system-out>
  <system-err><![CDATA[]]></system-err>
</testsuite>
