<?xml version="1.0" encoding="UTF-8"?>
<testsuite name="com.as400parser.common.normalizer.SourceNormalizerTest$EndToEnd" tests="4" skipped="0" failures="0" errors="0" timestamp="2026-03-14T12:07:02" hostname="NXN-PC" time="0.157">
  <properties/>
  <testcase name="fullRpg3HeaderSpec()" classname="com.as400parser.common.normalizer.SourceNormalizerTest$EndToEnd" time="0.138"/>
  <testcase name="emptySourceProducesEmptyResult()" classname="com.as400parser.common.normalizer.SourceNormalizerTest$EndToEnd" time="0.011"/>
  <testcase name="multipleSpecTypes()" classname="com.as400parser.common.normalizer.SourceNormalizerTest$EndToEnd" time="0.005"/>
  <testcase name="commentLine()" classname="com.as400parser.common.normalizer.SourceNormalizerTest$EndToEnd" time="0.0"/>
  <system-out><![CDATA[]]></system-out>
  <system-err><![CDATA[]]></system-err>
</testsuite>
